{"/Users/ibrahimaykutbas/Desktop/patika-react-native/Testing/src/App.js": {"path":"/Users/ibrahimaykutbas/Desktop/patika-react-native/Testing/src/App.js","statementMap":{"0":{"start":{"line":12,"column":12},"end":{"line":45,"column":1}},"1":{"start":{"line":13,"column":26},"end":{"line":13,"column":38}},"2":{"start":{"line":14,"column":26},"end":{"line":14,"column":38}},"3":{"start":{"line":16,"column":25},"end":{"line":16,"column":56}},"4":{"start":{"line":16,"column":37},"end":{"line":16,"column":56}},"5":{"start":{"line":19,"column":4},"end":{"line":19,"column":22}},"6":{"start":{"line":19,"column":15},"end":{"line":19,"column":22}},"7":{"start":{"line":21,"column":4},"end":{"line":21,"column":29}},"8":{"start":{"line":24,"column":2},"end":{"line":44,"column":4}},"9":{"start":{"line":29,"column":32},"end":{"line":29,"column":44}},"10":{"start":{"line":49,"column":15},"end":{"line":59,"column":2}}},"fnMap":{"0":{"name":"(anonymous_0)","decl":{"start":{"line":12,"column":12},"end":{"line":12,"column":13}},"loc":{"start":{"line":12,"column":18},"end":{"line":45,"column":1}},"line":12},"1":{"name":"(anonymous_1)","decl":{"start":{"line":16,"column":25},"end":{"line":16,"column":26}},"loc":{"start":{"line":16,"column":37},"end":{"line":16,"column":56}},"line":16},"2":{"name":"addToList","decl":{"start":{"line":18,"column":11},"end":{"line":18,"column":20}},"loc":{"start":{"line":18,"column":23},"end":{"line":22,"column":3}},"line":18},"3":{"name":"(anonymous_3)","decl":{"start":{"line":29,"column":22},"end":{"line":29,"column":23}},"loc":{"start":{"line":29,"column":32},"end":{"line":29,"column":44}},"line":29}},"branchMap":{"0":{"loc":{"start":{"line":19,"column":4},"end":{"line":19,"column":22}},"type":"if","locations":[{"start":{"line":19,"column":4},"end":{"line":19,"column":22}},{"start":{},"end":{}}],"line":19}},"s":{"0":2,"1":11,"2":11,"3":11,"4":7,"5":5,"6":1,"7":4,"8":11,"9":13,"10":2},"f":{"0":11,"1":7,"2":5,"3":13},"b":{"0":[1,4]},"_coverageSchema":"1a1c01bbd47fc00a2c39e90264f33305004495a9","hash":"e4c0628cdbe9734e80403299f14261301a8613fd"}
,"/Users/ibrahimaykutbas/Desktop/patika-react-native/Testing/src/components/Button/Button.js": {"path":"/Users/ibrahimaykutbas/Desktop/patika-react-native/Testing/src/components/Button/Button.js","statementMap":{"0":{"start":{"line":6,"column":15},"end":{"line":17,"column":1}},"1":{"start":{"line":7,"column":2},"end":{"line":16,"column":4}}},"fnMap":{"0":{"name":"(anonymous_0)","decl":{"start":{"line":6,"column":15},"end":{"line":6,"column":16}},"loc":{"start":{"line":6,"column":56},"end":{"line":17,"column":1}},"line":6}},"branchMap":{"0":{"loc":{"start":{"line":6,"column":33},"end":{"line":6,"column":50}},"type":"default-arg","locations":[{"start":{"line":6,"column":41},"end":{"line":6,"column":50}}],"line":6}},"s":{"0":3,"1":16},"f":{"0":16},"b":{"0":[15]},"_coverageSchema":"1a1c01bbd47fc00a2c39e90264f33305004495a9","hash":"88fe07cb60aacab98e9248fb09e33539d29499c8"}
,"/Users/ibrahimaykutbas/Desktop/patika-react-native/Testing/src/components/Button/Button.style.js": {"path":"/Users/ibrahimaykutbas/Desktop/patika-react-native/Testing/src/components/Button/Button.style.js","statementMap":{},"fnMap":{},"branchMap":{},"s":{},"f":{},"b":{},"_coverageSchema":"1a1c01bbd47fc00a2c39e90264f33305004495a9","hash":"1aea0632d4ed16d0f202fa883393d96d8299dc9a"}
}
