TN:
SF:src/App.js
FN:12,(anonymous_0)
FN:16,(anonymous_1)
FN:18,addToList
FN:29,(anonymous_3)
FNF:4
FNH:4
FNDA:11,(anonymous_0)
FNDA:7,(anonymous_1)
FNDA:5,addToList
FNDA:13,(anonymous_3)
DA:12,2
DA:13,11
DA:14,11
DA:16,11
DA:19,5
DA:21,4
DA:24,11
DA:29,13
DA:49,2
LF:9
LH:9
BRDA:19,0,0,1
BRDA:19,0,1,4
BRF:2
BRH:2
end_of_record
TN:
SF:src/components/Button/Button.js
FN:6,(anonymous_0)
FNF:1
FNH:1
FNDA:16,(anonymous_0)
DA:6,3
DA:7,16
LF:2
LH:2
BRDA:6,0,0,15
BRF:1
BRH:1
end_of_record
TN:
SF:src/components/Button/Button.style.js
FNF:0
FNH:0
LF:0
LH:0
BRF:0
BRH:0
end_of_record
